#-----------------------------------------------------------
# Vivado v2016.2 (64-bit)
# SW Build 1577090 on Thu Jun  2 16:32:40 MDT 2016
# IP Build 1577682 on Fri Jun  3 12:00:54 MDT 2016
# Start of session at: Tue Oct 24 19:26:34 2017
# Process ID: 5328
# Current directory: C:/Users/NicholasKimball/Documents/School/Senior/CPE439/QuadSLAM/Custom_IP/vga_output_driver
# Command line: vivado.exe -gui_launcher_event rodinguilauncherevent9128 C:\Users\NicholasKimball\Documents\School\Senior\CPE439\QuadSLAM\Custom_IP\vga_output_driver\vga_output_driver.xpr
# Log file: C:/Users/NicholasKimball/Documents/School/Senior/CPE439/QuadSLAM/Custom_IP/vga_output_driver/vivado.log
# Journal file: C:/Users/NicholasKimball/Documents/School/Senior/CPE439/QuadSLAM/Custom_IP/vga_output_driver\vivado.jou
#-----------------------------------------------------------
start_gui
open_project C:/Users/NicholasKimball/Documents/School/Senior/CPE439/QuadSLAM/Custom_IP/vga_output_driver/vga_output_driver.xpr
INFO: [ProjectBase 1-489] The host OS only allows 260 characters in a normal path. The project is stored in a path with more than 80 characters. If you experience issues with IP, Block Designs, or files not being found, please consider moving the project to a location with a shorter path. Alternately consider using the OS subst command to map part of the path to a drive letter.
Current project path is 'C:/Users/NicholasKimball/Documents/School/Senior/CPE439/QuadSLAM/Custom_IP/vga_output_driver'
Scanning sources...
Finished scanning sources
INFO: [IP_Flow 19-234] Refreshing IP repositories
INFO: [IP_Flow 19-1700] Loaded user IP repository 'c:/Users/NicholasKimball/Documents/School/Senior/CPE439/QuadSLAM/Custom_IP/vga_output_driver/vga_output_driver.srcs/sources_1/new'.
INFO: [IP_Flow 19-2313] Loaded Vivado IP repository 'C:/Xilinx/Vivado/2016.2/data/ip'.
update_compile_order -fileset sources_1
ipx::open_ipxact_file C:/Users/NicholasKimball/Documents/School/Senior/CPE439/QuadSLAM/Custom_IP/vga_output_driver/vga_output_driver.srcs/sources_1/new/component.xml
ipx::package_project -root_dir C:/Users/NicholasKimball/Documents/School/Senior/CPE439/QuadSLAM/Custom_IP/vga_output_driver/vga_output_driver.srcs/sources_1/new -vendor xilinx.com -library user -taxonomy /UserIP -force
set_property core_revision 2 [ipx::current_core]
ipx::create_xgui_files [ipx::current_core]
ipx::update_checksums [ipx::current_core]
ipx::save_core [ipx::current_core]
update_ip_catalog -rebuild -repo_path c:/Users/NicholasKimball/Documents/School/Senior/CPE439/QuadSLAM/Custom_IP/vga_output_driver/vga_output_driver.srcs/sources_1/new
INFO: [IP_Flow 19-725] Reloaded user IP repository 'c:/Users/NicholasKimball/Documents/School/Senior/CPE439/QuadSLAM/Custom_IP/vga_output_driver/vga_output_driver.srcs/sources_1/new'
exit
INFO: [Common 17-206] Exiting Vivado at Tue Oct 24 19:33:52 2017...
