#-----------------------------------------------------------
# Vivado v2016.2 (64-bit)
# SW Build 1577090 on Thu Jun  2 16:32:40 MDT 2016
# IP Build 1577682 on Fri Jun  3 12:00:54 MDT 2016
# Start of session at: Mon Oct 30 11:56:31 2017
# Process ID: 7612
# Current directory: C:/Users/NicholasKimball/Documents/School/Senior/CPE439/QuadSLAM/Custom_IP/VDMA_to_Scaler
# Command line: vivado.exe -gui_launcher_event rodinguilauncherevent1420 C:\Users\NicholasKimball\Documents\School\Senior\CPE439\QuadSLAM\Custom_IP\VDMA_to_Scaler\VDMA_to_Scaler.xpr
# Log file: C:/Users/NicholasKimball/Documents/School/Senior/CPE439/QuadSLAM/Custom_IP/VDMA_to_Scaler/vivado.log
# Journal file: C:/Users/NicholasKimball/Documents/School/Senior/CPE439/QuadSLAM/Custom_IP/VDMA_to_Scaler\vivado.jou
#-----------------------------------------------------------
start_gui
open_project C:/Users/NicholasKimball/Documents/School/Senior/CPE439/QuadSLAM/Custom_IP/VDMA_to_Scaler/VDMA_to_Scaler.xpr
INFO: [ProjectBase 1-489] The host OS only allows 260 characters in a normal path. The project is stored in a path with more than 80 characters. If you experience issues with IP, Block Designs, or files not being found, please consider moving the project to a location with a shorter path. Alternately consider using the OS subst command to map part of the path to a drive letter.
Current project path is 'C:/Users/NicholasKimball/Documents/School/Senior/CPE439/QuadSLAM/Custom_IP/VDMA_to_Scaler'
Scanning sources...
Finished scanning sources
INFO: [IP_Flow 19-234] Refreshing IP repositories
INFO: [IP_Flow 19-1700] Loaded user IP repository 'c:/Users/NicholasKimball/Documents/School/Senior/CPE439/QuadSLAM/Custom_IP/VDMA_to_Scaler/VDMA_to_Scaler.srcs/sources_1/new'.
INFO: [IP_Flow 19-2313] Loaded Vivado IP repository 'C:/Xilinx/Vivado/2016.2/data/ip'.
update_compile_order -fileset sources_1
ipx::open_ipxact_file C:/Users/NicholasKimball/Documents/School/Senior/CPE439/QuadSLAM/Custom_IP/VDMA_to_Scaler/VDMA_to_Scaler.srcs/sources_1/new/component.xml
set_property core_revision 3 [ipx::current_core]
ipx::create_xgui_files [ipx::current_core]
ipx::update_checksums [ipx::current_core]
ipx::save_core [ipx::current_core]
update_ip_catalog -rebuild -repo_path c:/Users/NicholasKimball/Documents/School/Senior/CPE439/QuadSLAM/Custom_IP/VDMA_to_Scaler/VDMA_to_Scaler.srcs/sources_1/new
INFO: [IP_Flow 19-725] Reloaded user IP repository 'c:/Users/NicholasKimball/Documents/School/Senior/CPE439/QuadSLAM/Custom_IP/VDMA_to_Scaler/VDMA_to_Scaler.srcs/sources_1/new'
exit
INFO: [Common 17-206] Exiting Vivado at Mon Oct 30 14:03:31 2017...
